<?xml version="1.0" encoding="UTF-8"?>
<testng-results ignored="0" total="2" passed="2" failed="0" skipped="0">
  <reporter-output>
  </reporter-output>
  <suite started-at="2023-12-11T12:33:10 IST" name="Suite" finished-at="2023-12-11T12:33:56 IST" duration-ms="46759">
    <groups>
    </groups>
    <test started-at="2023-12-11T12:33:10 IST" name="Test" finished-at="2023-12-11T12:33:56 IST" duration-ms="46759">
      <class name="com.test.SampleTest">
        <test-method is-config="true" signature="setUp()[pri:0, instance:com.test.SampleTest@43dac38f]" started-at="2023-12-11T12:33:10 IST" name="setUp" finished-at="2023-12-11T12:33:56 IST" duration-ms="46384" status="PASS">
          <reporter-output>
          </reporter-output>
        </test-method> <!-- setUp -->
        <test-method signature="testCase1()[pri:0, instance:com.test.SampleTest@43dac38f]" started-at="2023-12-11T12:33:56 IST" name="testCase1" finished-at="2023-12-11T12:33:56 IST" duration-ms="6" status="PASS">
          <reporter-output>
          </reporter-output>
        </test-method> <!-- testCase1 -->
        <test-method signature="testCase2()[pri:0, instance:com.test.SampleTest@43dac38f]" started-at="2023-12-11T12:33:56 IST" name="testCase2" finished-at="2023-12-11T12:33:56 IST" duration-ms="3" status="PASS">
          <reporter-output>
          </reporter-output>
        </test-method> <!-- testCase2 -->
        <test-method is-config="true" signature="tearDown()[pri:0, instance:com.test.SampleTest@43dac38f]" started-at="2023-12-11T12:33:56 IST" name="tearDown" finished-at="2023-12-11T12:33:56 IST" duration-ms="313" status="PASS">
          <reporter-output>
          </reporter-output>
        </test-method> <!-- tearDown -->
      </class> <!-- com.test.SampleTest -->
    </test> <!-- Test -->
  </suite> <!-- Suite -->
</testng-results>
