<?xml version="1.0" encoding="UTF-8"?>
<!-- Generated by org.testng.reporters.JUnitXMLReporter -->
<testsuite ignored="0" hostname="DESKTOP-KN4MQGD" failures="0" tests="2" name="Surefire test" time="0.037" errors="0" timestamp="2023-12-11T13:34:10 IST">
  <testcase classname="com.base.BaseClass" name="@BeforeTest setUp" time="0.007">
    <failure type="java.lang.NullPointerException" message="Cannot invoke &amp;quot;String.equalsIgnoreCase(String)&amp;quot; because the return value of &amp;quot;java.lang.System.getProperty(String)&amp;quot; is null">
      <![CDATA[java.lang.NullPointerException: Cannot invoke "String.equalsIgnoreCase(String)" because the return value of "java.lang.System.getProperty(String)" is null
at com.base.BaseClass.setUp(BaseClass.java:21)
... Removed 29 stack frames]]>
    </failure>
  </testcase> <!-- @BeforeTest setUp -->
  <testcase classname="com.base.BaseClass" name="@AfterTest tearDown" time="-1.702281850034E9">
    <skipped/>
  </testcase> <!-- @AfterTest tearDown -->
  <testcase classname="com.test.SampleTest" name="testCase1" time="0.0">
    <skipped/>
  </testcase> <!-- testCase1 -->
  <testcase classname="com.test.SampleTest" name="testCase2" time="0.0">
    <skipped/>
  </testcase> <!-- testCase2 -->
</testsuite> <!-- Surefire test -->
