-------------------------------------------------------------------------------
Test set: com.test.SampleTest
-------------------------------------------------------------------------------
Tests run: 4, Failures: 1, Errors: 0, Skipped: 3, Time elapsed: 0.433 s <<< FAILURE! - in com.test.SampleTest
com.test.SampleTest.setUp  Time elapsed: 0.292 s  <<< FAILURE!
java.lang.NullPointerException: Cannot invoke "String.equalsIgnoreCase(String)" because the return value of "java.lang.System.getProperty(String)" is null

