<?xml version="1.0" encoding="UTF-8"?>
<testng-results ignored="0" total="2" passed="2" failed="0" skipped="0">
  <reporter-output>
  </reporter-output>
  <suite started-at="2023-12-11T12:37:53 IST" name="Surefire suite" finished-at="2023-12-11T12:38:42 IST" duration-ms="49257">
    <groups>
    </groups>
    <test started-at="2023-12-11T12:37:53 IST" name="Surefire test" finished-at="2023-12-11T12:38:42 IST" duration-ms="49257">
      <class name="com.test.SampleTest">
        <test-method is-config="true" signature="setUp()[pri:0, instance:com.test.SampleTest@7f77e91b]" started-at="2023-12-11T12:37:53 IST" name="setUp" finished-at="2023-12-11T12:38:42 IST" duration-ms="48971" status="PASS">
          <reporter-output>
          </reporter-output>
        </test-method> <!-- setUp -->
        <test-method signature="testCase1()[pri:0, instance:com.test.SampleTest@7f77e91b]" started-at="2023-12-11T12:38:42 IST" name="testCase1" finished-at="2023-12-11T12:38:42 IST" duration-ms="1" status="PASS">
          <reporter-output>
          </reporter-output>
        </test-method> <!-- testCase1 -->
        <test-method signature="testCase2()[pri:0, instance:com.test.SampleTest@7f77e91b]" started-at="2023-12-11T12:38:42 IST" name="testCase2" finished-at="2023-12-11T12:38:42 IST" duration-ms="0" status="PASS">
          <reporter-output>
          </reporter-output>
        </test-method> <!-- testCase2 -->
        <test-method is-config="true" signature="tearDown()[pri:0, instance:com.test.SampleTest@7f77e91b]" started-at="2023-12-11T12:38:42 IST" name="tearDown" finished-at="2023-12-11T12:38:42 IST" duration-ms="253" status="PASS">
          <reporter-output>
          </reporter-output>
        </test-method> <!-- tearDown -->
      </class> <!-- com.test.SampleTest -->
    </test> <!-- Surefire test -->
  </suite> <!-- Surefire suite -->
</testng-results>
