<?xml version="1.0" encoding="UTF-8"?>
<testsuite xmlns:xsi="http://www.w3.org/2001/XMLSchema-instance" xsi:noNamespaceSchemaLocation="https://maven.apache.org/surefire/maven-surefire-plugin/xsd/surefire-test-report-3.0.xsd" version="3.0" name="com.test.SampleTest" time="0.433" tests="4" errors="0" skipped="3" failures="1">
  <properties>
[...]
</properties>
  <testcase name="setUp" classname="com.test.SampleTest" time="0.292">
    <failure message="Cannot invoke &quot;String.equalsIgnoreCase(String)&quot; because the return value of &quot;java.lang.System.getProperty(String)&quot; is null" type="java.lang.NullPointerException"><![CDATA[java.lang.NullPointerException: Cannot invoke "String.equalsIgnoreCase(String)" because the return value of "java.lang.System.getProperty(String)" is null
]]></failure>
    <system-out><![CDATA[User is on login page.
]]></system-out>
  </testcase>
  <testcase name="testCase1" classname="com.test.SampleTest" time="0">
    <skipped message="Cannot invoke &quot;String.equalsIgnoreCase(String)&quot; because the return value of &quot;java.lang.System.getProperty(String)&quot; is null"/>
  </testcase>
  <testcase name="testCase2" classname="com.test.SampleTest" time="0">
    <skipped message="Cannot invoke &quot;String.equalsIgnoreCase(String)&quot; because the return value of &quot;java.lang.System.getProperty(String)&quot; is null"/>
  </testcase>
  <testcase name="tearDown" classname="com.test.SampleTest" time="0">
    <skipped/>
  </testcase>
</testsuite>